{
  "Cucumber Features": {
    "coverage": {
      "/Users/thomaslim/workspace/HoneyBunch/app/models/store.rb": {
        "lines": [
          1,
          1,
          24,
          null,
          1,
          0,
          0,
          null,
          null,
          1,
          null,
          4,
          4,
          4,
          4,
          null,
          null,
          4,
          4,
          4,
          4,
          null,
          0,
          0,
          null,
          null,
          0,
          0,
          null,
          null,
          null,
          null,
          null,
          null
        ]
      },
      "/Users/thomaslim/workspace/HoneyBunch/app/controllers/stores_controller.rb": {
        "lines": [
          1,
          null,
          1,
          1,
          1,
          null,
          null,
          1,
          24,
          4,
          4,
          4,
          4,
          1,
          1,
          1,
          null,
          3,
          20,
          1,
          null,
          null,
          null,
          null,
          20,
          0,
          0,
          0,
          null,
          20,
          14,
          null,
          null,
          20,
          null,
          20,
          null,
          2,
          null,
          2,
          null,
          0,
          null,
          20,
          20,
          null,
          20,
          72,
          null,
          null,
          20,
          4,
          4,
          4,
          4,
          null,
          null,
          16,
          null,
          null,
          1,
          null,
          null,
          null,
          1,
          0,
          0,
          0,
          0,
          0,
          0,
          0,
          0,
          0,
          0,
          null,
          null,
          null,
          1,
          0,
          0,
          null,
          0,
          null,
          0,
          0,
          null,
          0,
          0,
          null,
          null,
          null,
          1,
          0,
          0,
          null,
          0,
          null,
          null,
          null,
          1,
          1,
          null,
          null,
          1,
          1,
          1,
          1,
          1,
          null,
          null,
          1,
          0,
          0,
          0,
          null,
          null,
          1,
          0,
          null,
          null,
          0,
          null,
          0,
          0,
          null,
          null,
          0,
          null,
          null,
          null,
          1,
          null,
          null,
          1,
          1,
          null,
          null,
          1,
          0,
          null,
          1,
          null
        ]
      },
      "/Users/thomaslim/workspace/HoneyBunch/app/controllers/application_controller.rb": {
        "lines": [
          1,
          null,
          null,
          1,
          null,
          1,
          1,
          1,
          null,
          1,
          37,
          null,
          null,
          1,
          37,
          null,
          null,
          1,
          37,
          null,
          null,
          null
        ]
      },
      "/Users/thomaslim/workspace/HoneyBunch/app/helpers/application_helper.rb": {
        "lines": [
          1,
          null
        ]
      },
      "/Users/thomaslim/workspace/HoneyBunch/app/helpers/sessions_helper.rb": {
        "lines": [
          1,
          null
        ]
      },
      "/Users/thomaslim/workspace/HoneyBunch/app/helpers/stores_helper.rb": {
        "lines": [
          1,
          null,
          1,
          0,
          null,
          null
        ]
      },
      "/Users/thomaslim/workspace/HoneyBunch/app/helpers/users_helper.rb": {
        "lines": [
          1,
          null
        ]
      },
      "/Users/thomaslim/workspace/HoneyBunch/app/models/user.rb": {
        "lines": [
          1,
          null,
          1,
          null,
          null,
          null
        ]
      },
      "/Users/thomaslim/workspace/HoneyBunch/app/controllers/sessions_controller.rb": {
        "lines": [
          1,
          null,
          1,
          null,
          1,
          0,
          null,
          null,
          1,
          0,
          0,
          0,
          null,
          null,
          null,
          1,
          0,
          0,
          0,
          0,
          null,
          0,
          null,
          null,
          null,
          1,
          0,
          0,
          0,
          null,
          null,
          1,
          10,
          null,
          null,
          1,
          null,
          null,
          1,
          null,
          null,
          null
        ]
      },
      "/Users/thomaslim/workspace/HoneyBunch/app/controllers/users_controller.rb": {
        "lines": [
          1,
          null,
          1,
          null,
          1,
          0,
          null,
          null,
          1,
          10,
          null,
          10,
          10,
          null,
          null,
          null,
          null,
          null
        ]
      },
      "/Users/thomaslim/workspace/HoneyBunch/app/models/order.rb": {
        "lines": [
          0,
          0,
          0,
          0,
          0,
          null
        ],
        "branches": {
        }
      }
    },
    "timestamp": 1616996406
  },
  "RSpec": {
    "coverage": {
      "/Users/thomaslim/workspace/HoneyBunch/app/helpers/application_helper.rb": {
        "lines": [
          1,
          null
        ]
      },
      "/Users/thomaslim/workspace/HoneyBunch/app/helpers/sessions_helper.rb": {
        "lines": [
          1,
          1,
          10,
          null,
          null,
          1,
          0,
          0,
          null,
          null,
          null,
          1,
          0,
          null,
          null,
          1,
          0,
          0,
          null,
          null,
          1,
          0,
          null,
          null
        ]
      },
      "/Users/thomaslim/workspace/HoneyBunch/app/helpers/stores_helper.rb": {
        "lines": [
          1,
          null,
          1,
          0,
          null,
          null
        ]
      },
      "/Users/thomaslim/workspace/HoneyBunch/app/helpers/users_helper.rb": {
        "lines": [
          1,
          null
        ]
      },
      "/Users/thomaslim/workspace/HoneyBunch/app/controllers/sessions_controller.rb": {
        "lines": [
          1,
          null,
          1,
          null,
          1,
          2,
          null,
          null,
          1,
          0,
          0,
          0,
          null,
          null,
          null,
          1,
          1,
          1,
          0,
          0,
          null,
          1,
          null,
          null,
          null,
          1,
          0,
          0,
          null,
          null,
          1,
          1,
          null,
          null,
          1,
          null,
          null,
          1,
          null,
          null,
          null
        ]
      },
      "/Users/thomaslim/workspace/HoneyBunch/app/controllers/application_controller.rb": {
        "lines": [
          1,
          null,
          null,
          1,
          1,
          null,
          1,
          1,
          1,
          null,
          1,
          8,
          null,
          null,
          1,
          8,
          null,
          null,
          1,
          8,
          null,
          null,
          null
        ]
      },
      "/Users/thomaslim/workspace/HoneyBunch/app/controllers/stores_controller.rb": {
        "lines": [
          1,
          null,
          1,
          0,
          0,
          null,
          null,
          1,
          2,
          0,
          0,
          0,
          0,
          0,
          0,
          0,
          null,
          0,
          2,
          0,
          null,
          null,
          null,
          null,
          2,
          0,
          0,
          0,
          null,
          2,
          2,
          null,
          null,
          2,
          null,
          2,
          null,
          1,
          null,
          1,
          null,
          0,
          null,
          2,
          2,
          null,
          2,
          6,
          null,
          null,
          2,
          2,
          2,
          2,
          2,
          null,
          null,
          0,
          null,
          null,
          1,
          null,
          null,
          null,
          1,
          0,
          0,
          0,
          0,
          0,
          0,
          0,
          0,
          0,
          0,
          null,
          null,
          null,
          1,
          0,
          0,
          null,
          0,
          null,
          0,
          0,
          null,
          0,
          0,
          null,
          null,
          null,
          1,
          0,
          0,
          null,
          0,
          null,
          null,
          null,
          1,
          0,
          null,
          null,
          1,
          2,
          2,
          2,
          2,
          null,
          null,
          1,
          1,
          1,
          1,
          null,
          null,
          1,
          3,
          null,
          null,
          3,
          null,
          1,
          1,
          null,
          null,
          1,
          null,
          null,
          null,
          1,
          null,
          null,
          1,
          2,
          null,
          null,
          1,
          0,
          null,
          1,
          null
        ]
      },
      "/Users/thomaslim/workspace/HoneyBunch/app/controllers/users_controller.rb": {
        "lines": [
          1,
          null,
          1,
          null,
          1,
          1,
          null,
          null,
          1,
          1,
          null,
          null,
          1,
          1,
          0,
          0,
          null,
          null,
          null,
          null,
          null
        ]
      },
      "/Users/thomaslim/workspace/HoneyBunch/app/models/store.rb": {
        "lines": [
          1,
          1,
          0,
          null,
          1,
          2,
          1,
          null,
          null,
          1,
          null,
          0,
          0,
          0,
          0,
          null,
          null,
          0,
          0,
          0,
          0,
          null,
          0,
          0,
          null,
          null,
          0,
          0,
          null,
          null,
          null,
          null,
          null,
          null
        ]
      },
      "/Users/thomaslim/workspace/HoneyBunch/app/models/user.rb": {
        "lines": [
          1,
          null,
          1,
          null,
          null,
          null
        ]
      },
      "/Users/thomaslim/workspace/HoneyBunch/app/models/order.rb": {
        "lines": [
          0,
          0,
          0,
          0,
          0,
          null
        ],
        "branches": {
        }
      }
    },
    "timestamp": 1617012862
  }
}
